\BOOKMARK [0][-]{Doc-Start}{Cover Sheet}{}% 1
\BOOKMARK [0][-]{Doc-Start}{Declarations}{}% 2
\BOOKMARK [0][-]{section*.2}{Acknowledgements}{}% 3
\BOOKMARK [0][-]{chapter*.3}{Proforma}{}% 4
\BOOKMARK [0][-]{chapter*.7}{Table of Contents}{}% 5
\BOOKMARK [0][-]{chapter*.8}{List of Figures}{}% 6
\BOOKMARK [0][-]{chapter.1}{Introduction}{}% 7
\BOOKMARK [0][-]{chapter.2}{Preparation}{}% 8
\BOOKMARK [1][-]{section.2.1}{Starting Point}{chapter.2}% 9
\BOOKMARK [1][-]{section.2.2}{Research}{chapter.2}% 10
\BOOKMARK [1][-]{section.2.3}{Analysis}{chapter.2}% 11
\BOOKMARK [1][-]{section.2.4}{Design}{chapter.2}% 12
\BOOKMARK [1][-]{section.2.5}{Test Plan}{chapter.2}% 13
\BOOKMARK [1][-]{section.2.6}{Professional Practice}{chapter.2}% 14
\BOOKMARK [0][-]{chapter.3}{Implementation}{}% 15
\BOOKMARK [1][-]{section*.9}{Repository Overview}{chapter.3}% 16
\BOOKMARK [1][-]{section.3.1}{Router}{chapter.3}% 17
\BOOKMARK [1][-]{section.3.2}{Test Bench}{chapter.3}% 18
\BOOKMARK [1][-]{section.3.3}{Software Engineering}{chapter.3}% 19
\BOOKMARK [0][-]{chapter.4}{Evaluation}{}% 20
\BOOKMARK [1][-]{section.4.1}{Tests}{chapter.4}% 21
\BOOKMARK [1][-]{section.4.2}{Issues \046 Observations}{chapter.4}% 22
\BOOKMARK [1][-]{section.4.3}{Ambitious Case}{chapter.4}% 23
\BOOKMARK [1][-]{section.4.4}{Other Metrics}{chapter.4}% 24
\BOOKMARK [1][-]{section.4.5}{Goals}{chapter.4}% 25
\BOOKMARK [0][-]{chapter.5}{Conclusion}{}% 26
\BOOKMARK [0][-]{chapter*.11}{Bibliography}{}% 27
\BOOKMARK [0][-]{appendix.A}{Requirements}{}% 28
\BOOKMARK [0][-]{appendix.B}{Receiving Thread}{}% 29
\BOOKMARK [0][-]{appendix*.12}{Project Proposal}{}% 30
